time="2026-04-19T16:23:00Z" level=warning msg="/workspaces/TASK-2/repo/docker-compose.yml: the attribute `version` is obsolete, it will be ignored, please remove it to avoid potential confusion"
 db Pulling 
 eb0158a12d6a Pulling fs layer 
 585db54b885e Pulling fs layer 
 6a0ac1617861 Pulling fs layer 
 aba688a8edf0 Pulling fs layer 
 7dc442b3fff1 Pulling fs layer 
 07c09531377d Pulling fs layer 
 6c1f6061266e Pulling fs layer 
 634006cc3116 Pulling fs layer 
 82d6dc0feb97 Pulling fs layer 
 b4faa1d0d63c Pulling fs layer 
 5ac4e45c6276 Pulling fs layer 
 48f335bf3cba Download complete 
 8c70ca84542a Download complete 
 6a0ac1617861 Downloading  3.864MB/3.864MB
 634006cc3116 Downloading  11.53MB/103.7MB
 aba688a8edf0 Downloading     129B/129B
 6c1f6061266e Download complete 
 b4faa1d0d63c Downloading     172B/172B
 eb0158a12d6a Downloading     184B/184B
 634006cc3116 Downloading  33.55MB/103.7MB
 aba688a8edf0 Download complete 
 b4faa1d0d63c Download complete 
 eb0158a12d6a Download complete 
 5ac4e45c6276 Download complete 
 6a0ac1617861 Download complete 
 82d6dc0feb97 Download complete 
 6a0ac1617861 Extracting 1 s
 634006cc3116 Downloading  51.45MB/103.7MB
 6a0ac1617861 Extracting 1 s
 07c09531377d Download complete 
 634006cc3116 Downloading   73.4MB/103.7MB
 7dc442b3fff1 Download complete 
 5ac4e45c6276 Pull complete 
 6a0ac1617861 Pull complete 
 82d6dc0feb97 Extracting 1 s
 634006cc3116 Downloading  98.57MB/103.7MB
 b4faa1d0d63c Pull complete 
 82d6dc0feb97 Pull complete 
 634006cc3116 Downloading  103.7MB/103.7MB
 634006cc3116 Downloading  103.7MB/103.7MB
 634006cc3116 Downloading  103.7MB/103.7MB
 585db54b885e Downloading     116B/116B
 634006cc3116 Downloading  103.7MB/103.7MB
 585db54b885e Downloading     116B/116B
 634006cc3116 Downloading  103.7MB/103.7MB
 585db54b885e Downloading     116B/116B
 634006cc3116 Downloading  103.7MB/103.7MB
 585db54b885e Downloading     116B/116B
 634006cc3116 Downloading  103.7MB/103.7MB
 585db54b885e Downloading     116B/116B
 634006cc3116 Downloading  103.7MB/103.7MB
 585db54b885e Downloading     116B/116B
 634006cc3116 Downloading  103.7MB/103.7MB
 585db54b885e Downloading     116B/116B
 634006cc3116 Downloading  103.7MB/103.7MB
 585db54b885e Downloading     116B/116B
 634006cc3116 Downloading  103.7MB/103.7MB
 585db54b885e Downloading     116B/116B
 634006cc3116 Downloading  103.7MB/103.7MB
 585db54b885e Download complete 
 634006cc3116 Download complete 
 585db54b885e Pull complete 
 634006cc3116 Extracting 1 s
 634006cc3116 Extracting 1 s
 634006cc3116 Extracting 1 s
 634006cc3116 Extracting 1 s
 634006cc3116 Extracting 1 s
 634006cc3116 Extracting 1 s
 634006cc3116 Extracting 1 s
 634006cc3116 Extracting 1 s
 634006cc3116 Extracting 1 s
 634006cc3116 Extracting 1 s
 634006cc3116 Extracting 1 s
 634006cc3116 Extracting 2 s
 634006cc3116 Extracting 2 s
 634006cc3116 Extracting 2 s
 634006cc3116 Extracting 2 s
 634006cc3116 Extracting 2 s
 634006cc3116 Extracting 2 s
 7dc442b3fff1 Pull complete 
 634006cc3116 Pull complete 
 6c1f6061266e Pull complete 
 aba688a8edf0 Pull complete 
 eb0158a12d6a Pull complete 
 07c09531377d Pull complete 
 db Pulled 
#1 [internal] load local bake definitions
#1 reading from stdin 1.00kB done
#1 DONE 0.0s

#2 [frontend-builder internal] load build definition from Dockerfile
#2 transferring dockerfile:
#2 transferring dockerfile: 341B done
#2 DONE 0.0s

#3 [backend internal] load build definition from Dockerfile
#3 transferring dockerfile: 993B done
#3 DONE 0.0s

#4 [backend internal] load metadata for docker.io/library/python:3.10-slim
#4 ...

#5 [auth] library/python:pull token for registry-1.docker.io
#5 DONE 0.0s

#6 [auth] library/node:pull token for registry-1.docker.io
#6 DONE 0.0s

#7 [frontend-builder internal] load metadata for docker.io/library/node:20-alpine
#7 ...

#4 [backend internal] load metadata for docker.io/library/python:3.10-slim
#4 DONE 1.9s

#8 [backend internal] load .dockerignore
#8 transferring context: 2B done
#8 DONE 0.0s

#7 [frontend-builder internal] load metadata for docker.io/library/node:20-alpine
#7 DONE 1.9s

#9 [frontend-builder internal] load .dockerignore
#9 transferring context: 2B done
#9 DONE 0.1s

#10 [frontend-builder internal] load build context
#10 DONE 0.0s

#11 [backend internal] load build context
#11 transferring context: 815.29kB 0.0s done
#11 DONE 0.1s

#12 [frontend-builder 1/6] FROM docker.io/library/node:20-alpine@sha256:fb4cd12c85ee03686f6af5362a0b0d56d50c58a04632e6c0fb8363f609372293
#12 resolve docker.io/library/node:20-alpine@sha256:fb4cd12c85ee03686f6af5362a0b0d56d50c58a04632e6c0fb8363f609372293
#12 ...

#10 [frontend-builder internal] load build context
#10 transferring context: 476.44kB 0.0s done
#10 DONE 0.1s

#12 [frontend-builder 1/6] FROM docker.io/library/node:20-alpine@sha256:fb4cd12c85ee03686f6af5362a0b0d56d50c58a04632e6c0fb8363f609372293
#12 resolve docker.io/library/node:20-alpine@sha256:fb4cd12c85ee03686f6af5362a0b0d56d50c58a04632e6c0fb8363f609372293 0.0s done
#12 sha256:fff4e2c1b189bf87d63ad8bd07f7f4eb288d6f2b6a07a8bb44c60e8c075d2096 0B / 445B 0.2s
#12 sha256:fff4e2c1b189bf87d63ad8bd07f7f4eb288d6f2b6a07a8bb44c60e8c075d2096 445B / 445B 0.2s done
#12 sha256:b2cbbfe903b0821005780971ddc5892edcc4ce74c5a48d82e1d2b382edac3122 0B / 1.26MB 0.2s
#12 sha256:b2cbbfe903b0821005780971ddc5892edcc4ce74c5a48d82e1d2b382edac3122 1.26MB / 1.26MB 0.3s
#12 sha256:4feea04c154301db6f4a496efa397b3db96603b1c009c797cfdde77bea8b3287 16.78MB / 43.23MB 0.3s
#12 sha256:b2cbbfe903b0821005780971ddc5892edcc4ce74c5a48d82e1d2b382edac3122 1.26MB / 1.26MB 0.7s done
#12 sha256:4feea04c154301db6f4a496efa397b3db96603b1c009c797cfdde77bea8b3287 43.23MB / 43.23MB 0.6s
#12 sha256:4feea04c154301db6f4a496efa397b3db96603b1c009c797cfdde77bea8b3287 43.23MB / 43.23MB 1.0s done
#12 extracting sha256:4feea04c154301db6f4a496efa397b3db96603b1c009c797cfdde77bea8b3287
#12 ...

#13 [backend  1/12] FROM docker.io/library/python:3.10-slim@sha256:26fc00cf5fd6f57ded62e50e27cd3fec9843a3d0f31243c04debb3aba952d9c6
#13 resolve docker.io/library/python:3.10-slim@sha256:26fc00cf5fd6f57ded62e50e27cd3fec9843a3d0f31243c04debb3aba952d9c6 0.0s done
#13 sha256:ddf3b231f5678d6154e60baa71a2e9a1f947d326b31945f7675c36c64fb7c328 249B / 249B 0.2s done
#13 sha256:bed04db721b4ee2f43a7fc743a2fd7ec6181f9444d36d4960988e5fb99a1217b 13.82MB / 13.82MB 0.8s done
#13 sha256:935d60c8480a502328adefa7698ca61261c8dc0872361135cd176ac488135649 1.29MB / 1.29MB 0.8s done
#13 sha256:5435b2dcdf5cb7faa0d5b1d4d54be2c72a776fab9a605336f5067d6e9ecb5976 29.78MB / 29.78MB 1.1s done
#13 extracting sha256:5435b2dcdf5cb7faa0d5b1d4d54be2c72a776fab9a605336f5067d6e9ecb5976 1.5s done
#13 DONE 2.9s

#13 [backend  1/12] FROM docker.io/library/python:3.10-slim@sha256:26fc00cf5fd6f57ded62e50e27cd3fec9843a3d0f31243c04debb3aba952d9c6
#13 extracting sha256:935d60c8480a502328adefa7698ca61261c8dc0872361135cd176ac488135649
#13 extracting sha256:935d60c8480a502328adefa7698ca61261c8dc0872361135cd176ac488135649 0.2s done
#13 DONE 3.1s

#12 [frontend-builder 1/6] FROM docker.io/library/node:20-alpine@sha256:fb4cd12c85ee03686f6af5362a0b0d56d50c58a04632e6c0fb8363f609372293
#12 extracting sha256:4feea04c154301db6f4a496efa397b3db96603b1c009c797cfdde77bea8b3287 1.3s done
#12 DONE 3.2s

#13 [backend  1/12] FROM docker.io/library/python:3.10-slim@sha256:26fc00cf5fd6f57ded62e50e27cd3fec9843a3d0f31243c04debb3aba952d9c6
#13 extracting sha256:bed04db721b4ee2f43a7fc743a2fd7ec6181f9444d36d4960988e5fb99a1217b
#13 ...

#12 [frontend-builder 1/6] FROM docker.io/library/node:20-alpine@sha256:fb4cd12c85ee03686f6af5362a0b0d56d50c58a04632e6c0fb8363f609372293
#12 extracting sha256:b2cbbfe903b0821005780971ddc5892edcc4ce74c5a48d82e1d2b382edac3122 0.1s done
#12 extracting sha256:fff4e2c1b189bf87d63ad8bd07f7f4eb288d6f2b6a07a8bb44c60e8c075d2096 0.0s done
#12 DONE 3.2s

#14 [frontend-builder 2/6] WORKDIR /app
#14 ...

#13 [backend  1/12] FROM docker.io/library/python:3.10-slim@sha256:26fc00cf5fd6f57ded62e50e27cd3fec9843a3d0f31243c04debb3aba952d9c6
#13 extracting sha256:bed04db721b4ee2f43a7fc743a2fd7ec6181f9444d36d4960988e5fb99a1217b 6.5s done
#13 DONE 9.6s

#14 [frontend-builder 2/6] WORKDIR /app
#14 DONE 6.3s

#13 [backend  1/12] FROM docker.io/library/python:3.10-slim@sha256:26fc00cf5fd6f57ded62e50e27cd3fec9843a3d0f31243c04debb3aba952d9c6
#13 extracting sha256:ddf3b231f5678d6154e60baa71a2e9a1f947d326b31945f7675c36c64fb7c328 0.0s done
#13 DONE 9.6s

#15 [backend  2/12] WORKDIR /app
#15 DONE 0.2s

#16 [frontend-builder 3/6] COPY package.json package-lock.json* ./
#16 DONE 0.2s

#17 [frontend-builder 4/6] RUN npm ci --prefer-offline
#17 0.787 npm error code EUSAGE
#17 0.787 npm error
#17 0.787 npm error The `npm ci` command can only install with an existing package-lock.json or
#17 0.787 npm error npm-shrinkwrap.json with lockfileVersion >= 1. Run an install with npm@5 or
#17 0.787 npm error later to generate a package-lock.json file, then try again.
#17 0.787 npm error
#17 0.787 npm error Clean install a project
#17 0.787 npm error
#17 0.787 npm error Usage:
#17 0.787 npm error npm ci
#17 0.787 npm error
#17 0.787 npm error Options:
#17 0.787 npm error [--install-strategy <hoisted|nested|shallow|linked>] [--legacy-bundling]
#17 0.787 npm error [--global-style] [--omit <dev|optional|peer> [--omit <dev|optional|peer> ...]]
#17 0.787 npm error [--include <prod|dev|optional|peer> [--include <prod|dev|optional|peer> ...]]
#17 0.787 npm error [--strict-peer-deps] [--foreground-scripts] [--ignore-scripts] [--no-audit]
#17 0.787 npm error [--no-bin-links] [--no-fund] [--dry-run]
#17 0.787 npm error [-w|--workspace <workspace-name> [-w|--workspace <workspace-name> ...]]
#17 0.787 npm error [-ws|--workspaces] [--include-workspace-root] [--install-links]
#17 0.787 npm error
#17 0.787 npm error aliases: clean-install, ic, install-clean, isntall-clean
#17 0.787 npm error
#17 0.787 npm error Run "npm help ci" for more info
#17 0.789 npm error A complete log of this run can be found in: /root/.npm/_logs/2026-04-19T16_23_20_127Z-debug-0.log
#17 ERROR: process "/bin/sh -c npm ci --prefer-offline" did not complete successfully: exit code: 1

#18 [backend  3/12] RUN apt-get update && apt-get install -y --no-install-recommends     gcc     libpq-dev     libffi-dev     libjpeg-dev     libpng-dev     zlib1g-dev     curl   && rm -rf /var/lib/apt/lists/*
#18 0.374 Hit:1 http://deb.debian.org/debian trixie InRelease
#18 0.374 Get:2 http://deb.debian.org/debian trixie-updates InRelease [47.3 kB]
#18 0.376 Get:3 http://deb.debian.org/debian-security trixie-security InRelease [43.4 kB]
#18 0.397 Get:4 http://deb.debian.org/debian trixie/main amd64 Packages [9671 kB]
#18 0.471 Get:5 http://deb.debian.org/debian trixie-updates/main amd64 Packages [5412 B]
#18 0.471 Get:6 http://deb.debian.org/debian-security trixie-security/main amd64 Packages [124 kB]
#18 CANCELED
------
 > [frontend-builder 4/6] RUN npm ci --prefer-offline:
0.787 npm error [--include <prod|dev|optional|peer> [--include <prod|dev|optional|peer> ...]]
0.787 npm error [--strict-peer-deps] [--foreground-scripts] [--ignore-scripts] [--no-audit]
0.787 npm error [--no-bin-links] [--no-fund] [--dry-run]
0.787 npm error [-w|--workspace <workspace-name> [-w|--workspace <workspace-name> ...]]
0.787 npm error [-ws|--workspaces] [--include-workspace-root] [--install-links]
0.787 npm error
0.787 npm error aliases: clean-install, ic, install-clean, isntall-clean
0.787 npm error
0.787 npm error Run "npm help ci" for more info
0.789 npm error A complete log of this run can be found in: /root/.npm/_logs/2026-04-19T16_23_20_127Z-debug-0.log
------
Dockerfile:6

--------------------

   4 |     

   5 |     COPY package.json package-lock.json* ./

   6 | >>> RUN npm ci --prefer-offline

   7 |     

   8 |     COPY . .

--------------------

target frontend-builder: failed to solve: process "/bin/sh -c npm ci --prefer-offline" did not complete successfully: exit code: 1

